<?xml version="1.0" encoding="UTF-8"?>
<!-- Generated by org.testng.reporters.JUnitReportReporter -->
<testsuite skipped="0" hostname="DELL" name="Testing.RestAssuredbascs" tests="1" failures="0" timestamp="04 Feb 2019 09:53:49 GMT" time="15.009" errors="0">
  <testcase name="test1" time="15.009" classname="Testing.RestAssuredbascs"/>
</testsuite> <!-- Testing.RestAssuredbascs -->
